mode: atomic
github.com/ryicoh/go-oauth2-etcd/etcd.go:21.86,23.16 2 6
github.com/ryicoh/go-oauth2-etcd/etcd.go:27.2,27.55 1 6
github.com/ryicoh/go-oauth2-etcd/etcd.go:23.16,25.3 1 0
github.com/ryicoh/go-oauth2-etcd/etcd.go:31.84,34.27 2 6
github.com/ryicoh/go-oauth2-etcd/etcd.go:37.2,37.14 1 6
github.com/ryicoh/go-oauth2-etcd/etcd.go:34.27,36.3 1 3
github.com/ryicoh/go-oauth2-etcd/etcd.go:47.36,49.2 1 0
github.com/ryicoh/go-oauth2-etcd/etcd.go:51.52,53.2 1 44
github.com/ryicoh/go-oauth2-etcd/etcd.go:56.68,58.16 2 6
github.com/ryicoh/go-oauth2-etcd/etcd.go:61.2,61.12 1 6
github.com/ryicoh/go-oauth2-etcd/etcd.go:58.16,60.3 1 0
github.com/ryicoh/go-oauth2-etcd/etcd.go:64.97,66.16 2 4
github.com/ryicoh/go-oauth2-etcd/etcd.go:72.2,72.51 1 4
github.com/ryicoh/go-oauth2-etcd/etcd.go:76.2,77.16 2 4
github.com/ryicoh/go-oauth2-etcd/etcd.go:83.2,84.15 2 4
github.com/ryicoh/go-oauth2-etcd/etcd.go:87.2,87.22 1 4
github.com/ryicoh/go-oauth2-etcd/etcd.go:91.2,92.16 2 2
github.com/ryicoh/go-oauth2-etcd/etcd.go:100.2,100.12 1 2
github.com/ryicoh/go-oauth2-etcd/etcd.go:66.16,68.3 1 0
github.com/ryicoh/go-oauth2-etcd/etcd.go:68.8,68.26 1 4
github.com/ryicoh/go-oauth2-etcd/etcd.go:68.26,70.3 1 0
github.com/ryicoh/go-oauth2-etcd/etcd.go:72.51,74.3 1 0
github.com/ryicoh/go-oauth2-etcd/etcd.go:77.16,79.3 1 0
github.com/ryicoh/go-oauth2-etcd/etcd.go:79.8,79.25 1 4
github.com/ryicoh/go-oauth2-etcd/etcd.go:79.25,81.3 1 0
github.com/ryicoh/go-oauth2-etcd/etcd.go:84.15,86.3 1 2
github.com/ryicoh/go-oauth2-etcd/etcd.go:87.22,89.3 1 2
github.com/ryicoh/go-oauth2-etcd/etcd.go:92.16,94.3 1 0
github.com/ryicoh/go-oauth2-etcd/etcd.go:94.8,94.27 1 2
github.com/ryicoh/go-oauth2-etcd/etcd.go:94.27,95.48 1 0
github.com/ryicoh/go-oauth2-etcd/etcd.go:95.48,97.4 1 0
github.com/ryicoh/go-oauth2-etcd/etcd.go:103.86,104.20 1 12
github.com/ryicoh/go-oauth2-etcd/etcd.go:108.2,109.64 2 10
github.com/ryicoh/go-oauth2-etcd/etcd.go:112.2,112.20 1 10
github.com/ryicoh/go-oauth2-etcd/etcd.go:104.20,106.3 1 2
github.com/ryicoh/go-oauth2-etcd/etcd.go:109.64,111.3 1 0
github.com/ryicoh/go-oauth2-etcd/etcd.go:115.90,117.16 2 12
github.com/ryicoh/go-oauth2-etcd/etcd.go:120.2,120.29 1 12
github.com/ryicoh/go-oauth2-etcd/etcd.go:117.16,119.3 1 0
github.com/ryicoh/go-oauth2-etcd/etcd.go:123.78,124.20 1 12
github.com/ryicoh/go-oauth2-etcd/etcd.go:128.2,128.38 1 8
github.com/ryicoh/go-oauth2-etcd/etcd.go:124.20,126.3 1 4
github.com/ryicoh/go-oauth2-etcd/etcd.go:131.84,133.16 2 12
github.com/ryicoh/go-oauth2-etcd/etcd.go:136.2,136.31 1 12
github.com/ryicoh/go-oauth2-etcd/etcd.go:133.16,135.3 1 0
github.com/ryicoh/go-oauth2-etcd/etcd.go:140.79,143.16 3 6
github.com/ryicoh/go-oauth2-etcd/etcd.go:147.2,147.40 1 6
github.com/ryicoh/go-oauth2-etcd/etcd.go:188.2,188.12 1 6
github.com/ryicoh/go-oauth2-etcd/etcd.go:143.16,145.3 1 0
github.com/ryicoh/go-oauth2-etcd/etcd.go:147.40,149.17 2 2
github.com/ryicoh/go-oauth2-etcd/etcd.go:152.3,152.79 1 2
github.com/ryicoh/go-oauth2-etcd/etcd.go:149.17,151.4 1 0
github.com/ryicoh/go-oauth2-etcd/etcd.go:153.8,161.17 7 4
github.com/ryicoh/go-oauth2-etcd/etcd.go:164.3,165.17 2 4
github.com/ryicoh/go-oauth2-etcd/etcd.go:169.3,169.50 1 4
github.com/ryicoh/go-oauth2-etcd/etcd.go:179.3,183.53 2 4
github.com/ryicoh/go-oauth2-etcd/etcd.go:161.17,163.4 1 0
github.com/ryicoh/go-oauth2-etcd/etcd.go:165.17,167.4 1 0
github.com/ryicoh/go-oauth2-etcd/etcd.go:169.50,171.39 2 2
github.com/ryicoh/go-oauth2-etcd/etcd.go:174.4,177.5 1 2
github.com/ryicoh/go-oauth2-etcd/etcd.go:171.39,173.5 1 0
github.com/ryicoh/go-oauth2-etcd/etcd.go:183.53,185.4 1 0
github.com/ryicoh/go-oauth2-etcd/etcd.go:192.75,194.2 1 2
github.com/ryicoh/go-oauth2-etcd/etcd.go:197.79,199.2 1 2
github.com/ryicoh/go-oauth2-etcd/etcd.go:202.81,204.2 1 2
github.com/ryicoh/go-oauth2-etcd/etcd.go:207.92,209.2 1 4
github.com/ryicoh/go-oauth2-etcd/etcd.go:212.96,214.33 2 4
github.com/ryicoh/go-oauth2-etcd/etcd.go:217.2,217.33 1 2
github.com/ryicoh/go-oauth2-etcd/etcd.go:214.33,216.3 1 2
github.com/ryicoh/go-oauth2-etcd/etcd.go:221.98,223.33 2 4
github.com/ryicoh/go-oauth2-etcd/etcd.go:226.2,226.33 1 2
github.com/ryicoh/go-oauth2-etcd/etcd.go:223.33,225.3 1 2
